# JRE version: 7.0_25-b30
# Java VM: OpenJDK 64-Bit Server VM (23.7-b01 mixed mode linux-amd64 compressed oops)
Heap
 PSYoungGen      total 131584K, used 75001K [0x00000000f5560000, 0x00000000ff8a0000, 0x0000000100000000)
  eden space 98048K, 76% used [0x00000000f5560000,0x00000000f9e9e498,0x00000000fb520000)
  from space 33536K, 0% used [0x00000000fd7e0000,0x00000000fd7e0000,0x00000000ff8a0000)
  to   space 34560K, 0% used [0x00000000fb520000,0x00000000fb520000,0x00000000fd6e0000)
 ParOldGen       total 124288K, used 112580K [0x00000000e0000000, 0x00000000e7960000, 0x00000000f5560000)
  object space 124288K, 90% used [0x00000000e0000000,0x00000000e6df11f8,0x00000000e7960000)
 PSPermGen       total 181696K, used 129615K [0x00000000d0000000, 0x00000000db170000, 0x00000000e0000000)
  object space 181696K, 71% used [0x00000000d0000000,0x00000000d7e93e10,0x00000000db170000)
GC Heap History (10 events):
Event: 1084.364 GC heap before
{Heap before GC invocations=49 (full 5):
 PSYoungGen      total 128896K, used 42862K [0x00000000f5560000, 0x00000000ffcc0000, 0x0000000100000000)
  eden space 88128K, 39% used [0x00000000f5560000,0x00000000f76f6848,0x00000000fab70000)
  from space 40768K, 20% used [0x00000000fab70000,0x00000000fb3b5128,0x00000000fd340000)
  to   space 38976K, 0% used [0x00000000fd6b0000,0x00000000fd6b0000,0x00000000ffcc0000)
 ParOldGen       total 124288K, used 105583K [0x00000000e0000000, 0x00000000e7960000, 0x00000000f5560000)
  object space 124288K, 84% used [0x00000000e0000000,0x00000000e671bde0,0x00000000e7960000)
 PSPermGen       total 177024K, used 123019K [0x00000000d0000000, 0x00000000dace0000, 0x00000000e0000000)
  object space 177024K, 69% used [0x00000000d0000000,0x00000000d7822e70,0x00000000dace0000)
Event: 1084.399 GC heap after
Heap after GC invocations=49 (full 5):
 PSYoungGen      total 129088K, used 8080K [0x00000000f5560000, 0x00000000ff980000, 0x0000000100000000)
  eden space 93440K, 0% used [0x00000000f5560000,0x00000000f5560000,0x00000000fb0a0000)
  from space 35648K, 22% used [0x00000000fd6b0000,0x00000000fde94210,0x00000000ff980000)
  to   space 37312K, 0% used [0x00000000fb0a0000,0x00000000fb0a0000,0x00000000fd510000)
 ParOldGen       total 124288K, used 105583K [0x00000000e0000000, 0x00000000e7960000, 0x00000000f5560000)
  object space 124288K, 84% used [0x00000000e0000000,0x00000000e671bde0,0x00000000e7960000)
 PSPermGen       total 177024K, used 123019K [0x00000000d0000000, 0x00000000dace0000, 0x00000000e0000000)
  object space 177024K, 69% used [0x00000000d0000000,0x00000000d7822e70,0x00000000dace0000)
}
Event: 1084.399 GC heap before
{Heap before GC invocations=50 (full 6):
 PSYoungGen      total 129088K, used 8080K [0x00000000f5560000, 0x00000000ff980000, 0x0000000100000000)
  eden space 93440K, 0% used [0x00000000f5560000,0x00000000f5560000,0x00000000fb0a0000)
  from space 35648K, 22% used [0x00000000fd6b0000,0x00000000fde94210,0x00000000ff980000)
  to   space 37312K, 0% used [0x00000000fb0a0000,0x00000000fb0a0000,0x00000000fd510000)
 ParOldGen       total 124288K, used 105583K [0x00000000e0000000, 0x00000000e7960000, 0x00000000f5560000)
  object space 124288K, 84% used [0x00000000e0000000,0x00000000e671bde0,0x00000000e7960000)
 PSPermGen       total 177024K, used 123019K [0x00000000d0000000, 0x00000000dace0000, 0x00000000e0000000)
  object space 177024K, 69% used [0x00000000d0000000,0x00000000d7822e70,0x00000000dace0000)
Event: 1085.322 GC heap after
Heap after GC invocations=50 (full 6):
 PSYoungGen      total 129088K, used 0K [0x00000000f5560000, 0x00000000ff980000, 0x0000000100000000)
  eden space 93440K, 0% used [0x00000000f5560000,0x00000000f5560000,0x00000000fb0a0000)
  from space 35648K, 0% used [0x00000000fd6b0000,0x00000000fd6b0000,0x00000000ff980000)
  to   space 37312K, 0% used [0x00000000fb0a0000,0x00000000fb0a0000,0x00000000fd510000)
 ParOldGen       total 124288K, used 110537K [0x00000000e0000000, 0x00000000e7960000, 0x00000000f5560000)
  object space 124288K, 88% used [0x00000000e0000000,0x00000000e6bf2510,0x00000000e7960000)
 PSPermGen       total 179648K, used 123015K [0x00000000d0000000, 0x00000000daf70000, 0x00000000e0000000)
  object space 179648K, 68% used [0x00000000d0000000,0x00000000d7821fc8,0x00000000daf70000)
}
Event: 1115.037 GC heap before
{Heap before GC invocations=51 (full 6):
 PSYoungGen      total 129088K, used 93440K [0x00000000f5560000, 0x00000000ff980000, 0x0000000100000000)
  eden space 93440K, 100% used [0x00000000f5560000,0x00000000fb0a0000,0x00000000fb0a0000)
  from space 35648K, 0% used [0x00000000fd6b0000,0x00000000fd6b0000,0x00000000ff980000)
  to   space 37312K, 0% used [0x00000000fb0a0000,0x00000000fb0a0000,0x00000000fd510000)
 ParOldGen       total 124288K, used 110537K [0x00000000e0000000, 0x00000000e7960000, 0x00000000f5560000)
  object space 124288K, 88% used [0x00000000e0000000,0x00000000e6bf2510,0x00000000e7960000)
 PSPermGen       total 179648K, used 127827K [0x00000000d0000000, 0x00000000daf70000, 0x00000000e0000000)
  object space 179648K, 71% used [0x00000000d0000000,0x00000000d7cd4e18,0x00000000daf70000)
Event: 1115.074 GC heap after
Heap after GC invocations=51 (full 6):
 PSYoungGen      total 130752K, used 8580K [0x00000000f5560000, 0x00000000ffaa0000, 0x0000000100000000)
  eden space 93440K, 0% used [0x00000000f5560000,0x00000000f5560000,0x00000000fb0a0000)
  from space 37312K, 22% used [0x00000000fb0a0000,0x00000000fb9012c8,0x00000000fd510000)
  to   space 35584K, 0% used [0x00000000fd7e0000,0x00000000fd7e0000,0x00000000ffaa0000)
 ParOldGen       total 124288K, used 110537K [0x00000000e0000000, 0x00000000e7960000, 0x00000000f5560000)
  object space 124288K, 88% used [0x00000000e0000000,0x00000000e6bf2510,0x00000000e7960000)
 PSPermGen       total 179648K, used 127827K [0x00000000d0000000, 0x00000000daf70000, 0x00000000e0000000)
  object space 179648K, 71% used [0x00000000d0000000,0x00000000d7cd4e18,0x00000000daf70000)
}
Event: 1144.365 GC heap before
{Heap before GC invocations=52 (full 6):
 PSYoungGen      total 130752K, used 87527K [0x00000000f5560000, 0x00000000ffaa0000, 0x0000000100000000)
  eden space 93440K, 84% used [0x00000000f5560000,0x00000000fa278b60,0x00000000fb0a0000)
  from space 37312K, 22% used [0x00000000fb0a0000,0x00000000fb9012c8,0x00000000fd510000)
  to   space 35584K, 0% used [0x00000000fd7e0000,0x00000000fd7e0000,0x00000000ffaa0000)
 ParOldGen       total 124288K, used 110537K [0x00000000e0000000, 0x00000000e7960000, 0x00000000f5560000)
  object space 124288K, 88% used [0x00000000e0000000,0x00000000e6bf2510,0x00000000e7960000)
 PSPermGen       total 179648K, used 128313K [0x00000000d0000000, 0x00000000daf70000, 0x00000000e0000000)
  object space 179648K, 71% used [0x00000000d0000000,0x00000000d7d4e670,0x00000000daf70000)
Event: 1144.391 GC heap after
Heap after GC invocations=52 (full 6):
 PSYoungGen      total 131584K, used 4764K [0x00000000f5560000, 0x00000000ff8a0000, 0x0000000100000000)
  eden space 98048K, 0% used [0x00000000f5560000,0x00000000f5560000,0x00000000fb520000)
  from space 33536K, 14% used [0x00000000fd7e0000,0x00000000fdc87310,0x00000000ff8a0000)
  to   space 34560K, 0% used [0x00000000fb520000,0x00000000fb520000,0x00000000fd6e0000)
 ParOldGen       total 124288K, used 110537K [0x00000000e0000000, 0x00000000e7960000, 0x00000000f5560000)
  object space 124288K, 88% used [0x00000000e0000000,0x00000000e6bf2510,0x00000000e7960000)
 PSPermGen       total 179648K, used 128313K [0x00000000d0000000, 0x00000000daf70000, 0x00000000e0000000)
  object space 179648K, 71% used [0x00000000d0000000,0x00000000d7d4e670,0x00000000daf70000)
}
Event: 1144.391 GC heap before
{Heap before GC invocations=53 (full 7):
 PSYoungGen      total 131584K, used 4764K [0x00000000f5560000, 0x00000000ff8a0000, 0x0000000100000000)
  eden space 98048K, 0% used [0x00000000f5560000,0x00000000f5560000,0x00000000fb520000)
  from space 33536K, 14% used [0x00000000fd7e0000,0x00000000fdc87310,0x00000000ff8a0000)
  to   space 34560K, 0% used [0x00000000fb520000,0x00000000fb520000,0x00000000fd6e0000)
 ParOldGen       total 124288K, used 110537K [0x00000000e0000000, 0x00000000e7960000, 0x00000000f5560000)
  object space 124288K, 88% used [0x00000000e0000000,0x00000000e6bf2510,0x00000000e7960000)
 PSPermGen       total 179648K, used 128313K [0x00000000d0000000, 0x00000000daf70000, 0x00000000e0000000)
  object space 179648K, 71% used [0x00000000d0000000,0x00000000d7d4e670,0x00000000daf70000)
Event: 1145.117 GC heap after
Heap after GC invocations=53 (full 7):
 PSYoungGen      total 131584K, used 0K [0x00000000f5560000, 0x00000000ff8a0000, 0x0000000100000000)
  eden space 98048K, 0% used [0x00000000f5560000,0x00000000f5560000,0x00000000fb520000)
  from space 33536K, 0% used [0x00000000fd7e0000,0x00000000fd7e0000,0x00000000ff8a0000)
  to   space 34560K, 0% used [0x00000000fb520000,0x00000000fb520000,0x00000000fd6e0000)
 ParOldGen       total 124288K, used 112580K [0x00000000e0000000, 0x00000000e7960000, 0x00000000f5560000)
  object space 124288K, 90% used [0x00000000e0000000,0x00000000e6df11f8,0x00000000e7960000)
 PSPermGen       total 181696K, used 128309K [0x00000000d0000000, 0x00000000db170000, 0x00000000e0000000)
  object space 181696K, 70% used [0x00000000d0000000,0x00000000d7d4d620,0x00000000db170000)
}

